Polybar launched...
WARNING: BadAccess (attempt to access private resource denied)
WARNING: BadAccess (attempt to access private resource denied)
WARNING: Unable to grab key 'mod4+m'.
WARNING: BadAccess (attempt to access private resource denied)
WARNING: BadAccess (attempt to access private resource denied)
WARNING: Unable to grab key 'mod4+n'.
current session already has an ibus-daemon.
polybar|notice:  Parsing config file: /home/chris/.config/polybar/config
conky: desktop window (200003) is subwindow of root window (772)
conky: window type - desktop
conky: drawing to created window (0x5000002)
conky: drawing to double buffer
sh: 1: i3: not found
polybar|error: Disabling module "i3" (reason: Could not find socket: <empty>)
polybar|error: module/xbacklight: Could not get data (err: XCB_NAME (15))
polybar|error: Disabling module "xbacklight" (reason: Not supported for "eDP-1")
polybar|notice:  pulseaudio: using default sink alsa_output.pci-0000_00_1f.3-platform-skl_hda_dsp_generic.HiFi__hw_sofhdadsp__sink
polybar|error: Disabling module "wlan" (reason: Invalid network interface "wlp59s0")
polybar|error: Disabling module "eth" (reason: Invalid network interface "enp0s31f6")
CRITICAL: Cannot acquire 'org.freedesktop.Notifications': Name is acquired by 'dunst' with PID '2102'.
polybar|notice:  Loaded font "Noto Sans:size=11" (name=Noto Sans, offset=1, file=/usr/share/fonts/truetype/noto/NotoSans-Regular.ttf)
polybar|notice:  Loaded font "unifont:fontformat=truetype:size=8:antialias=false" (name=DejaVu Sans, offset=0, file=/usr/share/fonts/truetype/dejavu/DejaVuSans.ttf)
polybar|notice:  Loaded font "siji:pixelsize=10" (name=DejaVu Sans, offset=1, file=/usr/share/fonts/truetype/dejavu/DejaVuSans.ttf)
polybar|warn:  Dropping unmatched character 蒋 (U+848b) in '蒋蒋: 退'
polybar|warn:  Dropping unmatched character 蒋 (U+848b) in '蒋蒋: 退'
polybar|warn:  Dropping unmatched character 退 (U+9000) in '蒋蒋: 退'
polybar|warn:  Dropping unmatched character 蒋 (U+848b) in '蒋蒋: 退'
polybar|warn:  Dropping unmatched character 蒋 (U+848b) in '蒋蒋: 退'
polybar|warn:  Dropping unmatched character 退 (U+9000) in '蒋蒋: 退'
polybar|warn:  Dropping unmatched character 蒋 (U+848b) in '蒋蒋: 退'
polybar|warn:  Dropping unmatched character 蒋 (U+848b) in '蒋蒋: 退'
polybar|warn:  Dropping unmatched character 退 (U+9000) in '蒋蒋: 退'
polybar|warn:  Dropping unmatched character 蒋 (U+848b) in '蒋蒋: 退'
polybar|warn:  Dropping unmatched character 蒋 (U+848b) in '蒋蒋: 退'
polybar|warn:  Dropping unmatched character 退 (U+9000) in '蒋蒋: 退'
conky: received SIGHUP, SIGINT, or SIGTERM to terminate. bye!
polybar|warn:  Dropping unmatched character 蒋 (U+848b) in '蒋蒋: 退'
polybar|warn:  Dropping unmatched character 蒋 (U+848b) in '蒋蒋: 退'
polybar|warn:  Dropping unmatched character 退 (U+9000) in '蒋蒋: 退'
polybar|warn:  Dropping unmatched character 蒋 (U+848b) in '蒋蒋: 退'
polybar|warn:  Dropping unmatched character 蒋 (U+848b) in '蒋蒋: 退'
polybar|warn:  Dropping unmatched character 退 (U+9000) in '蒋蒋: 退'
polybar|warn:  Dropping unmatched character 蒋 (U+848b) in '蒋蒋: 退'
polybar|warn:  Dropping unmatched character 蒋 (U+848b) in '蒋蒋: 退'
polybar|warn:  Dropping unmatched character 退 (U+9000) in '蒋蒋: 退'
polybar|warn:  Dropping unmatched character 蒋 (U+848b) in '蒋蒋: 退'
polybar|warn:  Dropping unmatched character 蒋 (U+848b) in '蒋蒋: 退'
polybar|warn:  Dropping unmatched character 退 (U+9000) in '蒋蒋: 退'
polybar|warn:  Dropping unmatched character 蒋 (U+848b) in '蒋蒋: 退'
polybar|warn:  Dropping unmatched character 蒋 (U+848b) in '蒋蒋: 退'
polybar|warn:  Dropping unmatched character 退 (U+9000) in '蒋蒋: 退'
polybar|warn:  Dropping unmatched character 蒋 (U+848b) in '蒋蒋: 退'
polybar|warn:  Dropping unmatched character 蒋 (U+848b) in '蒋蒋: 退'
polybar|warn:  Dropping unmatched character 退 (U+9000) in '蒋蒋: 退'
polybar|warn:  Dropping unmatched character 蒋 (U+848b) in '蒋蒋: 退'
polybar|warn:  Dropping unmatched character 蒋 (U+848b) in '蒋蒋: 退'
polybar|warn:  Dropping unmatched character 退 (U+9000) in '蒋蒋: 退'
polybar|warn:  Dropping unmatched character 蒋 (U+848b) in '蒋蒋: 退'
polybar|warn:  Dropping unmatched character 蒋 (U+848b) in '蒋蒋: 退'
polybar|warn:  Dropping unmatched character 退 (U+9000) in '蒋蒋: 退'
polybar|warn:  Dropping unmatched character 蒋 (U+848b) in '蒋蒋: 退'
polybar|warn:  Dropping unmatched character 蒋 (U+848b) in '蒋蒋: 退'
polybar|warn:  Dropping unmatched character 退 (U+9000) in '蒋蒋: 退'
polybar|warn:  Dropping unmatched character 蒋 (U+848b) in '蒋蒋: 退'
polybar|warn:  Dropping unmatched character 蒋 (U+848b) in '蒋蒋: 退'
polybar|warn:  Dropping unmatched character 退 (U+9000) in '蒋蒋: 退'
polybar|warn:  Dropping unmatched character 蒋 (U+848b) in '蒋蒋: 退'
polybar|warn:  Dropping unmatched character 蒋 (U+848b) in '蒋蒋: 退'
polybar|warn:  Dropping unmatched character 退 (U+9000) in '蒋蒋: 退'
polybar|warn:  Dropping unmatched character 蒋 (U+848b) in '蒋蒋: 退'
polybar|warn:  Dropping unmatched character 蒋 (U+848b) in '蒋蒋: 退'
polybar|warn:  Dropping unmatched character 退 (U+9000) in '蒋蒋: 退'
polybar|warn:  Dropping unmatched character 蒋 (U+848b) in '蒋蒋: 退'
polybar|warn:  Dropping unmatched character 蒋 (U+848b) in '蒋蒋: 退'
polybar|warn:  Dropping unmatched character 退 (U+9000) in '蒋蒋: 退'
polybar|warn:  Dropping unmatched character 蒋 (U+848b) in '蒋蒋: 退'
polybar|warn:  Dropping unmatched character 蒋 (U+848b) in '蒋蒋: 退'
polybar|warn:  Dropping unmatched character 退 (U+9000) in '蒋蒋: 退'
polybar|warn:  Dropping unmatched character 蒋 (U+848b) in '蒋蒋: 退'
polybar|warn:  Dropping unmatched character 蒋 (U+848b) in '蒋蒋: 退'
polybar|warn:  Dropping unmatched character 退 (U+9000) in '蒋蒋: 退'
polybar|warn:  Dropping unmatched character 蒋 (U+848b) in '蒋蒋: 退'
polybar|warn:  Dropping unmatched character 蒋 (U+848b) in '蒋蒋: 退'
polybar|warn:  Dropping unmatched character 退 (U+9000) in '蒋蒋: 退'
polybar|warn:  Dropping unmatched character 蒋 (U+848b) in '蒋蒋: 退'
polybar|warn:  Dropping unmatched character 蒋 (U+848b) in '蒋蒋: 退'
polybar|warn:  Dropping unmatched character 退 (U+9000) in '蒋蒋: 退'
polybar|warn:  Dropping unmatched character 蒋 (U+848b) in '蒋蒋: 退'
polybar|warn:  Dropping unmatched character 蒋 (U+848b) in '蒋蒋: 退'
polybar|warn:  Dropping unmatched character 退 (U+9000) in '蒋蒋: 退'
polybar|warn:  Dropping unmatched character 蒋 (U+848b) in '蒋蒋: 退'
polybar|warn:  Dropping unmatched character 蒋 (U+848b) in '蒋蒋: 退'
polybar|warn:  Dropping unmatched character 退 (U+9000) in '蒋蒋: 退'
polybar|warn:  Dropping unmatched character 蒋 (U+848b) in '蒋蒋: 退'
polybar|warn:  Dropping unmatched character 蒋 (U+848b) in '蒋蒋: 退'
polybar|warn:  Dropping unmatched character 退 (U+9000) in '蒋蒋: 退'
polybar|warn:  Dropping unmatched character 蒋 (U+848b) in '蒋蒋: 退'
polybar|warn:  Dropping unmatched character 蒋 (U+848b) in '蒋蒋: 退'
polybar|warn:  Dropping unmatched character 退 (U+9000) in '蒋蒋: 退'
polybar|warn:  Dropping unmatched character 蒋 (U+848b) in '蒋蒋: 退'
polybar|warn:  Dropping unmatched character 蒋 (U+848b) in '蒋蒋: 退'
polybar|warn:  Dropping unmatched character 退 (U+9000) in '蒋蒋: 退'
polybar|notice:  Termination signal received, shutting down...
